2023-03-18 19:05:51,159 [Worker-6: Loading available Gradle versions] INFO  o.e.b.c.i.u.g.PublishedGradleVersions - Gradle version information cache is up-to-date. Trying to read.
2023-03-18 19:07:11,326 [Worker-10: Update Maven projects configuration] INFO  o.e.m.c.i.p.ProjectConfigurationManager - Update started
2023-03-18 19:07:17,384 [Worker-10: Update Maven projects configuration] INFO  o.e.m.c.i.l.LifecycleMappingFactory - Using org.eclipse.m2e.jdt.JarLifecycleMapping lifecycle mapping for MavenProject: com.rocker:OnlinePlanterApplication:0.0.1-SNAPSHOT @ C:\Users\ubanl\Desktop\OnlinePlanterApplication\target\classes\META-INF\maven\com.rocker\OnlinePlanterApplication\pom.xml.
2023-03-18 19:07:25,482 [Worker-0: Building] INFO  o.a.m.s.f.DefaultMavenResourcesFiltering - skip non existing resourceDirectory C:\Users\ubanl\Desktop\OnlinePlanterApplication\target\classes\META-INF\maven\com.rocker\OnlinePlanterApplication\src\main\resources
2023-03-18 19:07:25,483 [Worker-0: Building] INFO  o.a.m.s.f.DefaultMavenResourcesFiltering - skip non existing resourceDirectory C:\Users\ubanl\Desktop\OnlinePlanterApplication\target\classes\META-INF\maven\com.rocker\OnlinePlanterApplication\src\main\resources
2023-03-18 19:07:25,513 [Worker-0: Building] INFO  o.a.m.s.f.DefaultMavenResourcesFiltering - skip non existing resourceDirectory C:\Users\ubanl\Desktop\OnlinePlanterApplication\target\classes\META-INF\maven\com.rocker\OnlinePlanterApplication\src\test\resources
2023-03-18 19:07:25,887 [Worker-10: Update Maven projects configuration] INFO  o.e.m.j.i.AbstractJavaProjectConfigurator - Adding source folder /OnlinePlanterApplication/src/main/java
2023-03-18 19:07:25,888 [Worker-10: Update Maven projects configuration] INFO  o.e.m.j.i.AbstractJavaProjectConfigurator - Adding source folder /OnlinePlanterApplication/src/test/java
2023-03-18 19:07:26,958 [Worker-3: Building] INFO  o.a.m.s.f.DefaultMavenResourcesFiltering - skip non existing resourceDirectory C:\Users\ubanl\Desktop\OnlinePlanterApplication\target\classes\META-INF\maven\com.rocker\OnlinePlanterApplication\src\main\resources
2023-03-18 19:07:26,958 [Worker-3: Building] INFO  o.a.m.s.f.DefaultMavenResourcesFiltering - skip non existing resourceDirectory C:\Users\ubanl\Desktop\OnlinePlanterApplication\target\classes\META-INF\maven\com.rocker\OnlinePlanterApplication\src\main\resources
2023-03-18 19:07:26,962 [Worker-3: Building] INFO  o.a.m.s.f.DefaultMavenResourcesFiltering - skip non existing resourceDirectory C:\Users\ubanl\Desktop\OnlinePlanterApplication\target\classes\META-INF\maven\com.rocker\OnlinePlanterApplication\src\test\resources
2023-03-18 19:07:31,519 [Worker-6: Building] INFO  o.a.m.s.f.DefaultMavenResourcesFiltering - skip non existing resourceDirectory C:\Users\ubanl\Desktop\OnlinePlanterApplication\target\classes\META-INF\maven\com.rocker\OnlinePlanterApplication\src\main\resources
2023-03-18 19:07:31,523 [Worker-6: Building] INFO  o.a.m.s.f.DefaultMavenResourcesFiltering - skip non existing resourceDirectory C:\Users\ubanl\Desktop\OnlinePlanterApplication\target\classes\META-INF\maven\com.rocker\OnlinePlanterApplication\src\main\resources
2023-03-18 19:07:31,527 [Worker-6: Building] INFO  o.a.m.s.f.DefaultMavenResourcesFiltering - skip non existing resourceDirectory C:\Users\ubanl\Desktop\OnlinePlanterApplication\target\classes\META-INF\maven\com.rocker\OnlinePlanterApplication\src\test\resources
2023-03-18 19:07:33,690 [Worker-7: Building] INFO  o.a.m.s.f.DefaultMavenResourcesFiltering - skip non existing resourceDirectory C:\Users\ubanl\Desktop\OnlinePlanterApplication\target\classes\META-INF\maven\com.rocker\OnlinePlanterApplication\src\main\resources
2023-03-18 19:07:33,690 [Worker-7: Building] INFO  o.a.m.s.f.DefaultMavenResourcesFiltering - skip non existing resourceDirectory C:\Users\ubanl\Desktop\OnlinePlanterApplication\target\classes\META-INF\maven\com.rocker\OnlinePlanterApplication\src\main\resources
2023-03-18 19:07:33,693 [Worker-7: Building] INFO  o.a.m.s.f.DefaultMavenResourcesFiltering - skip non existing resourceDirectory C:\Users\ubanl\Desktop\OnlinePlanterApplication\target\classes\META-INF\maven\com.rocker\OnlinePlanterApplication\src\test\resources
2023-03-18 19:07:33,880 [Worker-10: Update Maven projects configuration] INFO  o.e.m.c.i.p.ProjectConfigurationManager - Update completed: 22 sec
2023-03-18 19:07:34,744 [Worker-3: Building] INFO  o.a.m.s.f.DefaultMavenResourcesFiltering - skip non existing resourceDirectory C:\Users\ubanl\Desktop\OnlinePlanterApplication\target\classes\META-INF\maven\com.rocker\OnlinePlanterApplication\src\main\resources
2023-03-18 19:07:34,745 [Worker-3: Building] INFO  o.a.m.s.f.DefaultMavenResourcesFiltering - skip non existing resourceDirectory C:\Users\ubanl\Desktop\OnlinePlanterApplication\target\classes\META-INF\maven\com.rocker\OnlinePlanterApplication\src\main\resources
2023-03-18 19:07:34,747 [Worker-3: Building] INFO  o.a.m.s.f.DefaultMavenResourcesFiltering - skip non existing resourceDirectory C:\Users\ubanl\Desktop\OnlinePlanterApplication\target\classes\META-INF\maven\com.rocker\OnlinePlanterApplication\src\test\resources
2023-03-18 20:22:23,163 [Worker-9: Loading available Gradle versions] INFO  o.e.b.c.i.u.g.PublishedGradleVersions - Gradle version information cache is up-to-date. Trying to read.
2023-03-18 20:22:59,455 [Worker-0: Loading available Gradle versions] INFO  o.e.b.c.i.u.g.PublishedGradleVersions - Gradle version information cache is up-to-date. Trying to read.
2023-03-18 20:23:40,241 [Worker-7: Building] INFO  o.e.m.c.i.l.LifecycleMappingFactory - Using org.eclipse.m2e.jdt.JarLifecycleMapping lifecycle mapping for MavenProject: com.rocker:OnlinePlanterApplication:0.0.1-SNAPSHOT @ C:\Users\ubanl\Desktop\OnlinePlanterApplication\target\classes\META-INF\maven\com.rocker\OnlinePlanterApplication\pom.xml.
2023-03-18 20:23:59,698 [Worker-7: Building] INFO  o.a.m.s.f.DefaultMavenResourcesFiltering - skip non existing resourceDirectory C:\Users\ubanl\Desktop\OnlinePlanterApplication\target\classes\META-INF\maven\com.rocker\OnlinePlanterApplication\src\main\resources
2023-03-18 20:23:59,699 [Worker-7: Building] INFO  o.a.m.s.f.DefaultMavenResourcesFiltering - skip non existing resourceDirectory C:\Users\ubanl\Desktop\OnlinePlanterApplication\target\classes\META-INF\maven\com.rocker\OnlinePlanterApplication\src\main\resources
2023-03-18 20:23:59,704 [Worker-7: Building] INFO  o.a.m.s.f.DefaultMavenResourcesFiltering - skip non existing resourceDirectory C:\Users\ubanl\Desktop\OnlinePlanterApplication\target\classes\META-INF\maven\com.rocker\OnlinePlanterApplication\src\test\resources
2023-03-18 20:24:00,391 [Worker-6: Updating Maven Dependencies] INFO  o.e.m.c.i.l.LifecycleMappingFactory - Using org.eclipse.m2e.jdt.JarLifecycleMapping lifecycle mapping for MavenProject: com.rocker:OnlinePlanterApplication:0.0.1-SNAPSHOT @ C:\Users\ubanl\Desktop\OnlinePlanterApplication\target\classes\META-INF\maven\com.rocker\OnlinePlanterApplication\pom.xml.
2023-03-18 20:24:05,657 [Worker-3: Building] INFO  o.a.m.s.f.DefaultMavenResourcesFiltering - skip non existing resourceDirectory C:\Users\ubanl\Desktop\OnlinePlanterApplication\target\classes\META-INF\maven\com.rocker\OnlinePlanterApplication\src\main\resources
2023-03-18 20:24:05,658 [Worker-3: Building] INFO  o.a.m.s.f.DefaultMavenResourcesFiltering - skip non existing resourceDirectory C:\Users\ubanl\Desktop\OnlinePlanterApplication\target\classes\META-INF\maven\com.rocker\OnlinePlanterApplication\src\main\resources
2023-03-18 20:24:05,660 [Worker-3: Building] INFO  o.a.m.s.f.DefaultMavenResourcesFiltering - skip non existing resourceDirectory C:\Users\ubanl\Desktop\OnlinePlanterApplication\target\classes\META-INF\maven\com.rocker\OnlinePlanterApplication\src\test\resources
2023-03-19 14:08:24,445 [Worker-7: Loading available Gradle versions] INFO  o.e.b.c.i.u.g.PublishedGradleVersions - Gradle version information cache is up-to-date. Trying to read.
